<?xml version="1.0" encoding="UTF-8"?>
<!-- Generated by org.testng.reporters.JUnitReportReporter -->
<testsuite hostname="DESKTOP-PVO3529" failures="0" tests="1" name="runner.CucumberRunnerTests" time="18.857" errors="0" timestamp="2025-05-10T14:00:14 IST" skipped="0">
  <testcase classname="runner.CucumberRunnerTests" name="runScenario" time="18.857"/>
  <system-out/>
</testsuite> <!-- runner.CucumberRunnerTests -->
